<?xml version="1.0" encoding="UTF-8"?>
<testsuites>
  <testsuite name="" tests="7" assertions="27" errors="0" warnings="0" failures="0" skipped="0" time="0.061295">
    <testsuite name="Z-Engine Test Suite" tests="7" assertions="27" errors="0" warnings="0" failures="0" skipped="0" time="0.061295">
      <testsuite name="ZEngine\Integration\FinalClassModificationTest" file="/workspace/z-engine/tests/Integration/FinalClassModificationTest.php" tests="2" assertions="20" errors="0" warnings="0" failures="0" skipped="0" time="0.060707">
        <testcase name="testFinalClassModificationScript" class="ZEngine\Integration\FinalClassModificationTest" classname="ZEngine.Integration.FinalClassModificationTest" file="/workspace/z-engine/tests/Integration/FinalClassModificationTest.php" line="24" assertions="12" time="0.031622"/>
        <testcase name="testZEngineApiWorksCorrectly" class="ZEngine\Integration\FinalClassModificationTest" classname="ZEngine.Integration.FinalClassModificationTest" file="/workspace/z-engine/tests/Integration/FinalClassModificationTest.php" line="70" assertions="8" time="0.029085"/>
      </testsuite>
      <testsuite name="ZEngine\Reflection\ReflectionClassTest" file="/workspace/z-engine/tests/Reflection/ReflectionClassTest.php" tests="5" assertions="7" errors="0" warnings="0" failures="0" skipped="0" time="0.000588">
        <testcase name="testSetAbstract" class="ZEngine\Reflection\ReflectionClassTest" classname="ZEngine.Reflection.ReflectionClassTest" file="/workspace/z-engine/tests/Reflection/ReflectionClassTest.php" line="25" assertions="1" time="0.000375"/>
        <testcase name="testSetNonAbstract" class="ZEngine\Reflection\ReflectionClassTest" classname="ZEngine.Reflection.ReflectionClassTest" file="/workspace/z-engine/tests/Reflection/ReflectionClassTest.php" line="45" assertions="2" time="0.000144"/>
        <testcase name="testSetFinal" class="ZEngine\Reflection\ReflectionClassTest" classname="ZEngine.Reflection.ReflectionClassTest" file="/workspace/z-engine/tests/Reflection/ReflectionClassTest.php" line="53" assertions="1" time="0.000022"/>
        <testcase name="testSetNonFinal" class="ZEngine\Reflection\ReflectionClassTest" classname="ZEngine.Reflection.ReflectionClassTest" file="/workspace/z-engine/tests/Reflection/ReflectionClassTest.php" line="71" assertions="2" time="0.000025"/>
        <testcase name="testAddTraits" class="ZEngine\Reflection\ReflectionClassTest" classname="ZEngine.Reflection.ReflectionClassTest" file="/workspace/z-engine/tests/Reflection/ReflectionClassTest.php" line="85" assertions="1" time="0.000023"/>
      </testsuite>
    </testsuite>
  </testsuite>
</testsuites>
